<suite name="Capture Lead From About Me Page" preserve-order="true" verbose="2" parallel="tests" thread-count="1">
	<listeners>		
		<listener class-name="resources.ThreadCountChanger"/>
        <listener class-name="resources.ExtentReporterListener"/>
        <listener class-name="resources.ZurpleReporter.ScreenshotTaker"/>
        <listener class-name="resources.CustomTestNGReporter"/>
	</listeners>
	
<test name="Add Reminder from CRM page">	
			<classes>
				<class name="com.zurple.backoffice.ZBOLoginPageTest">
					<methods>
						<include name="testBackOfficeLogin" />
					</methods>
				</class>
				<class name="com.zurple.backoffice.ZBOLeadCRMPageTest">
					<methods>
						<include name="testAddAndVerifyReminder" />
					</methods>
				</class>
				<class name="resources.CurrentPageTest">
					<methods>
						<include name="closeBrowser" />
					</methods>
				</class>
			</classes>
	</test>
	
	<test name="Verify Reminder Email">	
	<parameter name="dataFile" value="/resources/cache/zurple-reminder-email-verification.json"> 
			<classes>
				<class name="com.zurple.backoffice.ZBOLeadCRMPageTest">
					<methods>
						<include name="testVerifyReminderEmail" />
					</methods>
				</class>
				<class name="resources.CurrentPageTest">
					<methods>
						<include name="closeBrowser" />
					</methods>
				</class>
			</classes>
			</parameter>
	</test>
</suite>